
=== Sun Jan  1 16:59:45 2023

Packages were changed.
Update Mode: mergeDefaultDependencies

The following packages were added:
  com.unity.collab-proxy@1.15.12
  com.unity.ide.rider@2.0.7
  com.unity.ide.visualstudio@2.0.14
  com.unity.ide.vscode@1.2.4
  com.unity.modules.ai@1.0.0
  com.unity.modules.androidjni@1.0.0
  com.unity.modules.animation@1.0.0
  com.unity.modules.assetbundle@1.0.0
  com.unity.modules.audio@1.0.0
  com.unity.modules.cloth@1.0.0
  com.unity.modules.director@1.0.0
  com.unity.modules.imageconversion@1.0.0
  com.unity.modules.imgui@1.0.0
  com.unity.modules.jsonserialize@1.0.0
  com.unity.modules.particlesystem@1.0.0
  com.unity.modules.physics@1.0.0
  com.unity.modules.physics2d@1.0.0
  com.unity.modules.screencapture@1.0.0
  com.unity.modules.terrain@1.0.0
  com.unity.modules.terrainphysics@1.0.0
  com.unity.modules.tilemap@1.0.0
  com.unity.modules.ui@1.0.0
  com.unity.modules.uielements@1.0.0
  com.unity.modules.umbra@1.0.0
  com.unity.modules.unityanalytics@1.0.0
  com.unity.modules.unitywebrequest@1.0.0
  com.unity.modules.unitywebrequestassetbundle@1.0.0
  com.unity.modules.unitywebrequestaudio@1.0.0
  com.unity.modules.unitywebrequesttexture@1.0.0
  com.unity.modules.unitywebrequestwww@1.0.0
  com.unity.modules.vehicles@1.0.0
  com.unity.modules.video@1.0.0
  com.unity.modules.vr@1.0.0
  com.unity.modules.wind@1.0.0
  com.unity.modules.xr@1.0.0
  com.unity.test-framework@1.1.29
  com.unity.textmeshpro@3.0.6
  com.unity.timeline@1.4.8
  com.unity.ugui@1.0.0
The following packages were updated:
  com.unity.2d.animation from version 5.0.10 to 5.1.0
  com.unity.2d.psdimporter from version 4.1.3 to 4.2.0
  com.unity.2d.spriteshape from version 5.1.7 to 5.2.0

=== Sun Jan  1 18:49:36 2023

Packages were changed.
Update Mode: updateDependencies

The following packages were added:
  com.unity.ai.navigation@1.1.1
The following packages were updated:
  com.unity.2d.animation from version 5.1.0 to 9.0.1
  com.unity.2d.pixel-perfect from version 4.0.1 to 5.0.2
  com.unity.2d.psdimporter from version 4.2.0 to 8.0.1
  com.unity.2d.spriteshape from version 5.2.0 to 9.0.1
  com.unity.collab-proxy from version 1.15.12 to 1.17.7
  com.unity.ide.rider from version 2.0.7 to 3.0.16
  com.unity.ide.visualstudio from version 2.0.14 to 2.0.16
  com.unity.ide.vscode from version 1.2.4 to 1.2.5
  com.unity.test-framework from version 1.1.29 to 1.1.33
  com.unity.timeline from version 1.4.8 to 1.7.2

=== Sat Sep 16 19:15:38 2023

Packages were changed.
Update Mode: updateDependencies

The following packages were added:
  com.unity.ads@4.4.1
  com.unity.analytics@3.8.1
  com.unity.purchasing@4.5.1
  com.unity.xr.legacyinputhelpers@2.1.10

=== Sat Sep 16 22:19:58 2023

Packages were changed.
Update Mode: updateDependencies

The following packages were updated:
  com.unity.2d.animation from version 9.0.3 to 10.0.2
  com.unity.2d.pixel-perfect from version 5.0.2 to 5.0.3
  com.unity.2d.psdimporter from version 8.0.1 to 9.0.0
  com.unity.2d.spriteshape from version 9.0.1 to 10.0.1
  com.unity.2d.tilemap.extras from version 3.0.3 to 4.0.1
  com.unity.ai.navigation from version 1.1.1 to 1.1.4
  com.unity.collab-proxy from version 1.17.7 to 2.0.7
  com.unity.ide.rider from version 3.0.16 to 3.0.24
  com.unity.ide.visualstudio from version 2.0.16 to 2.0.18
  com.unity.inputsystem from version 1.4.4 to 1.7.0
  com.unity.purchasing from version 4.5.1 to 4.9.3
  com.unity.test-framework from version 1.1.33 to 1.3.7
  com.unity.timeline from version 1.7.2 to 1.8.2
